<?xml version="1.0" encoding="UTF-8"?>
<!-- Generated by org.testng.reporters.JUnitReportReporter -->
<testsuite hostname="ojas-dl447" failures="0" tests="2" name="com.testNG.TestAnnotationexecution" time="0.012" errors="0" timestamp="2022-09-05T15:06:38 IST" skipped="0">
  <testcase classname="com.testNG.TestAnnotationexecution" name="testmethod1" time="0.011"/>
  <system-out/>
  <testcase classname="com.testNG.TestAnnotationexecution" name="testmethod2" time="0.001"/>
  <system-out/>
</testsuite> <!-- com.testNG.TestAnnotationexecution -->
